c:\users\student\source\repos\3d000\release\vc142.pdb
c:\users\student\source\repos\3d000\release\wall.obj
c:\users\student\source\repos\3d000\release\shadow.obj
c:\users\student\source\repos\3d000\release\ground.obj
c:\users\student\source\repos\3d000\release\player.obj
c:\users\student\source\repos\3d000\release\main.obj
c:\users\student\source\repos\3d000\release\light.obj
c:\users\student\source\repos\3d000\release\input.obj
c:\users\student\source\repos\3d000\release\game.obj
c:\users\student\source\repos\3d000\release\camera.obj
c:\users\student\source\repos\3d000\white.exe
c:\users\student\source\repos\3d000\release\white.ipdb
c:\users\student\source\repos\3d000\release\white.iobj
c:\users\student\source\repos\3d000\white.pdb
c:\users\student\source\repos\3d000\release\white.tlog\cl.command.1.tlog
c:\users\student\source\repos\3d000\release\white.tlog\cl.read.1.tlog
c:\users\student\source\repos\3d000\release\white.tlog\cl.write.1.tlog
c:\users\student\source\repos\3d000\release\white.tlog\link.command.1.tlog
c:\users\student\source\repos\3d000\release\white.tlog\link.read.1.tlog
c:\users\student\source\repos\3d000\release\white.tlog\link.write.1.tlog
