c:\users\student\source\repos\3d\debug\vc142.pdb
c:\users\student\source\repos\3d\debug\vc142.idb
c:\users\student\source\repos\3d\debug\wall.obj
c:\users\student\source\repos\3d\debug\shadow.obj
c:\users\student\source\repos\3d\debug\ground.obj
c:\users\student\source\repos\3d\debug\player.obj
c:\users\student\source\repos\3d\debug\particle.obj
c:\users\student\source\repos\3d\debug\meshfield.obj
c:\users\student\source\repos\3d\debug\main.obj
c:\users\student\source\repos\3d\debug\light.obj
c:\users\student\source\repos\3d\debug\input.obj
c:\users\student\source\repos\3d\debug\game.obj
c:\users\student\source\repos\3d\debug\stage.obj
c:\users\student\source\repos\3d\debug\sphere.obj
c:\users\student\source\repos\3d\debug\explosion.obj
c:\users\student\source\repos\3d\debug\effect.obj
c:\users\student\source\repos\3d\debug\file.obj
c:\users\student\source\repos\3d\debug\cylinder.obj
c:\users\student\source\repos\3d\debug\camera.obj
c:\users\student\source\repos\3d\debug\bullet.obj
c:\users\student\source\repos\3d\debug\billboard.obj
c:\users\student\source\repos\3d\debug\3d.exe
c:\users\student\source\repos\3d\debug\3d.ilk
c:\users\student\source\repos\3d\debug\3d.pdb
c:\users\student\source\repos\3d\debug\3d.tlog\cl.command.1.tlog
c:\users\student\source\repos\3d\debug\3d.tlog\cl.read.1.tlog
c:\users\student\source\repos\3d\debug\3d.tlog\cl.write.1.tlog
c:\users\student\source\repos\3d\debug\3d.tlog\link.command.1.tlog
c:\users\student\source\repos\3d\debug\3d.tlog\link.read.1.tlog
c:\users\student\source\repos\3d\debug\3d.tlog\link.write.1.tlog
