c:\users\student\source\repos\white\debug\vc142.pdb
c:\users\student\source\repos\white\debug\vc142.idb
c:\users\student\source\repos\white\debug\wall.obj
c:\users\student\source\repos\white\debug\stage.obj
c:\users\student\source\repos\white\debug\player.obj
c:\users\student\source\repos\white\debug\particle.obj
c:\users\student\source\repos\white\debug\model.obj
c:\users\student\source\repos\white\debug\main.obj
c:\users\student\source\repos\white\debug\game.obj
c:\users\student\source\repos\white\debug\file.obj
c:\users\student\source\repos\white\debug\effect.obj
c:\users\student\source\repos\white\debug\camera.obj
c:\users\student\source\repos\white\debug\sphere.obj
c:\users\student\source\repos\white\debug\shadow.obj
c:\users\student\source\repos\white\debug\meshwall.obj
c:\users\student\source\repos\white\debug\meshfield.obj
c:\users\student\source\repos\white\debug\light.obj
c:\users\student\source\repos\white\debug\input.obj
c:\users\student\source\repos\white\debug\ground.obj
c:\users\student\source\repos\white\debug\explosion.obj
c:\users\student\source\repos\white\debug\cylinder.obj
c:\users\student\source\repos\white\debug\bullet.obj
c:\users\student\source\repos\white\debug\billboard.obj
c:\users\student\source\repos\white\debug\hitshere.obj
c:\users\student\source\repos\white\debug\line.obj
c:\users\student\source\repos\white\debug\stone.obj
c:\users\student\source\repos\white\debug\snowball.obj
c:\users\student\source\repos\white\debug\sound.obj
c:\users\student\source\repos\white\debug\pause.obj
c:\users\student\source\repos\white\debug\fade.obj
c:\users\student\source\repos\white\debug\title.obj
c:\users\student\source\repos\white\debug\time.obj
c:\users\student\source\repos\white\debug\score.obj
c:\users\student\source\repos\white\debug\result.obj
c:\users\student\source\repos\white\debug\rank.obj
c:\users\student\source\repos\white\debug\cursor.obj
c:\users\student\source\repos\white\debug\dog.obj
c:\users\student\source\repos\white\debug\life.obj
c:\users\student\source\repos\white\debug\white.exe
c:\users\student\source\repos\white\debug\white.ilk
c:\users\student\source\repos\white\debug\white.pdb
c:\users\student\source\repos\white\debug\resource.res
c:\users\student\source\repos\white\debug\bullet.obj.enc
c:\users\student\source\repos\white\debug\game.obj.enc
c:\users\student\source\repos\white\debug\line.obj.enc
c:\users\student\source\repos\white\debug\sphere.obj.enc
c:\users\student\source\repos\white\debug\stone.obj.enc
c:\users\student\source\repos\white\debug\wall.obj.enc
c:\users\student\source\repos\white\debug\3d.ilk
c:\users\student\source\repos\white\debug\3d.pdb
c:\users\student\source\repos\white\debug\white.tlog\cl.command.1.tlog
c:\users\student\source\repos\white\debug\white.tlog\cl.read.1.tlog
c:\users\student\source\repos\white\debug\white.tlog\cl.write.1.tlog
c:\users\student\source\repos\white\debug\white.tlog\link.command.1.tlog
c:\users\student\source\repos\white\debug\white.tlog\link.read.1.tlog
c:\users\student\source\repos\white\debug\white.tlog\link.write.1.tlog
c:\users\student\source\repos\white\debug\white.tlog\rc.command.1.tlog
c:\users\student\source\repos\white\debug\white.tlog\rc.read.1.tlog
c:\users\student\source\repos\white\debug\white.tlog\rc.write.1.tlog
